Build started 26/01/2015 16:11:52.
     1>Project "C:\Users\Davy\Dev\Terrain15_B\SFML_BASIC\SFML_BASIC.vcxproj" on node 2 (Build target(s)).
     1>ClCompile:
         c:\Program Files (x86)\Microsoft Visual Studio 10.0\VC\bin\CL.exe /c /I"C:\SDK\SFML-2.1\include" /IC:\SDK\Assimp\include /ZI /nologo /W3 /WX- /Od /Oy- /D WIN32 /D _DEBUG /D _CONSOLE /D _UNICODE /D UNICODE /Gm /EHsc /RTC1 /MDd /GS /fp:precise /Zc:wchar_t /Zc:forScope /Yu"StdAfx.h" /Fp"Debug\Terrain_Assessment.pch" /Fo"Debug\\" /Fd"Debug\vc100.pdb" /Gd /TP /analyze- /errorReport:prompt Terrain.cpp
         Terrain.cpp
     1>c:\users\davy\dev\terrain15_b\sfml_basic\terrain.cpp(5): warning C4305: 'initializing' : truncation from 'double' to 'float'
     1>c:\users\davy\dev\terrain15_b\sfml_basic\terrain.cpp(81): warning C4244: 'argument' : conversion from 'float' to 'unsigned int', possible loss of data
     1>c:\users\davy\dev\terrain15_b\sfml_basic\terrain.cpp(81): warning C4244: 'argument' : conversion from 'float' to 'unsigned int', possible loss of data
     1>c:\users\davy\dev\terrain15_b\sfml_basic\terrain.cpp(103): warning C4244: 'return' : conversion from 'int' to 'float', possible loss of data
     1>c:\users\davy\dev\terrain15_b\sfml_basic\terrain.cpp(108): warning C4244: 'return' : conversion from 'int' to 'float', possible loss of data
     1>c:\users\davy\dev\terrain15_b\sfml_basic\terrain.cpp(113): warning C4244: 'return' : conversion from 'int' to 'float', possible loss of data
     1>c:\users\davy\dev\terrain15_b\sfml_basic\terrain.cpp(118): warning C4244: 'return' : conversion from 'int' to 'float', possible loss of data
     1>c:\users\davy\dev\terrain15_b\sfml_basic\terrain.cpp(132): warning C4244: '=' : conversion from 'double' to 'float', possible loss of data
     1>c:\users\davy\dev\terrain15_b\sfml_basic\terrain.cpp(332): warning C4244: 'argument' : conversion from 'double' to 'float', possible loss of data
     1>c:\users\davy\dev\terrain15_b\sfml_basic\terrain.cpp(332): warning C4244: 'argument' : conversion from 'double' to 'float', possible loss of data
     1>c:\users\davy\dev\terrain15_b\sfml_basic\terrain.cpp(332): warning C4244: 'argument' : conversion from 'double' to 'float', possible loss of data
     1>c:\users\davy\dev\terrain15_b\sfml_basic\terrain.cpp(335): warning C4244: 'argument' : conversion from 'double' to 'float', possible loss of data
     1>c:\users\davy\dev\terrain15_b\sfml_basic\terrain.cpp(335): warning C4244: 'argument' : conversion from 'double' to 'float', possible loss of data
     1>c:\users\davy\dev\terrain15_b\sfml_basic\terrain.cpp(335): warning C4244: 'argument' : conversion from 'double' to 'float', possible loss of data
     1>c:\users\davy\dev\terrain15_b\sfml_basic\terrain.cpp(338): warning C4244: 'argument' : conversion from 'double' to 'float', possible loss of data
     1>c:\users\davy\dev\terrain15_b\sfml_basic\terrain.cpp(338): warning C4244: 'argument' : conversion from 'double' to 'float', possible loss of data
     1>c:\users\davy\dev\terrain15_b\sfml_basic\terrain.cpp(338): warning C4244: 'argument' : conversion from 'double' to 'float', possible loss of data
     1>c:\users\davy\dev\terrain15_b\sfml_basic\terrain.cpp(346): warning C4244: 'argument' : conversion from 'double' to 'float', possible loss of data
     1>c:\users\davy\dev\terrain15_b\sfml_basic\terrain.cpp(346): warning C4244: 'argument' : conversion from 'double' to 'float', possible loss of data
     1>c:\users\davy\dev\terrain15_b\sfml_basic\terrain.cpp(346): warning C4244: 'argument' : conversion from 'double' to 'float', possible loss of data
     1>c:\users\davy\dev\terrain15_b\sfml_basic\terrain.cpp(351): warning C4244: 'argument' : conversion from 'double' to 'float', possible loss of data
     1>c:\users\davy\dev\terrain15_b\sfml_basic\terrain.cpp(351): warning C4244: 'argument' : conversion from 'double' to 'float', possible loss of data
     1>c:\users\davy\dev\terrain15_b\sfml_basic\terrain.cpp(351): warning C4244: 'argument' : conversion from 'double' to 'float', possible loss of data
     1>c:\users\davy\dev\terrain15_b\sfml_basic\terrain.cpp(356): warning C4244: 'argument' : conversion from 'double' to 'float', possible loss of data
     1>c:\users\davy\dev\terrain15_b\sfml_basic\terrain.cpp(356): warning C4244: 'argument' : conversion from 'double' to 'float', possible loss of data
     1>c:\users\davy\dev\terrain15_b\sfml_basic\terrain.cpp(356): warning C4244: 'argument' : conversion from 'double' to 'float', possible loss of data
       Link:
         c:\Program Files (x86)\Microsoft Visual Studio 10.0\VC\bin\link.exe /ERRORREPORT:PROMPT /OUT:"C:\Users\Davy\Dev\Terrain15_B\Debug\Terrain_Assessment.exe" /INCREMENTAL /NOLOGO /LIBPATH:"C:\SDK\SFML-2.1\lib" /LIBPATH:C:\SDK\Assimp\lib\x64 kernel32.lib user32.lib gdi32.lib winspool.lib comdlg32.lib advapi32.lib shell32.lib ole32.lib oleaut32.lib uuid.lib odbc32.lib odbccp32.lib /MANIFEST /ManifestFile:"Debug\Terrain_Assessment.exe.intermediate.manifest" /MANIFESTUAC:"level='asInvoker' uiAccess='false'" /DEBUG /PDB:"C:\Users\Davy\Dev\Terrain15_B\Debug\Terrain_Assessment.pdb" /SUBSYSTEM:CONSOLE /TLBID:1 /DYNAMICBASE /NXCOMPAT /IMPLIB:"C:\Users\Davy\Dev\Terrain15_B\Debug\Terrain_Assessment.lib" /MACHINE:X86 Debug\Terrain_Assessment.exe.embed.manifest.res
         Debug\main.obj
         Debug\stdafx.obj
         Debug\Terrain.obj
       Manifest:
         C:\Program Files (x86)\Microsoft SDKs\Windows\v7.0A\bin\mt.exe /nologo /verbose /out:"Debug\Terrain_Assessment.exe.embed.manifest" /manifest Debug\Terrain_Assessment.exe.intermediate.manifest
       LinkEmbedManifest:
         SFML_BASIC.vcxproj -> C:\Users\Davy\Dev\Terrain15_B\Debug\Terrain_Assessment.exe
     1>Done Building Project "C:\Users\Davy\Dev\Terrain15_B\SFML_BASIC\SFML_BASIC.vcxproj" (Build target(s)).

Build succeeded.

Time Elapsed 00:00:00.47
